<?xml version="1.0" encoding="utf-8"?><testsuites><testsuite name="pytest" errors="0" failures="0" skipped="0" tests="38" time="1.868" timestamp="2025-08-08T16:08:10.189412" hostname="Mac"><testcase classname="tests.test_core_functionality.TestAvatarServiceCore" name="test_avatar_seed_generation" time="0.176" /><testcase classname="tests.test_core_functionality.TestAvatarServiceCore" name="test_avatar_url_generation" time="0.003" /><testcase classname="tests.test_core_functionality.TestAvatarServiceCore" name="test_create_user_avatar" time="0.002" /><testcase classname="tests.test_core_functionality.TestStreakServiceCore" name="test_streak_service_initialization" time="0.002" /><testcase classname="tests.test_core_functionality.TestStreakServiceCore" name="test_qualifying_activity_check" time="0.003" /><testcase classname="tests.test_core_functionality.TestStreakServiceCore" name="test_progress_calculation" time="0.002" /><testcase classname="tests.test_core_functionality.TestXPServiceCore" name="test_xp_service_initialization" time="0.002" /><testcase classname="tests.test_core_functionality.TestXPServiceCore" name="test_level_calculation" time="0.002" /><testcase classname="tests.test_essential.TestModels" name="test_user_password_hashing" time="0.199" /><testcase classname="tests.test_essential.TestModels" name="test_word_creation_and_serialization" time="0.005" /><testcase classname="tests.test_essential.TestModels" name="test_user_vocabulary_relationship" time="0.072" /><testcase classname="tests.test_essential.TestAddWords" name="test_add_words_success" time="0.011" /><testcase classname="tests.test_essential.TestAddWords" name="test_add_words_duplicate_handling" time="0.008" /><testcase classname="tests.test_essential.TestAddWords" name="test_add_words_validation" time="0.004" /><testcase classname="tests.test_essential.TestTextProcessor" name="test_process_text_success" time="0.004" /><testcase classname="tests.test_essential.TestTextProcessor" name="test_process_text_empty_input" time="0.002" /><testcase classname="tests.test_models_only" name="test_basic_model_functionality" time="0.155" /><testcase classname="tests.test_models_only" name="test_user_password_functionality" time="0.264" /><testcase classname="tests.test_models_only" name="test_word_serialization" time="0.011" /><testcase classname="tests.test_sentence_cache.TestSentenceCache" name="test_cache_and_retrieve_sentences" time="0.004" /><testcase classname="tests.test_sentence_cache.TestSentenceCache" name="test_cache_miss" time="0.003" /><testcase classname="tests.test_sentence_cache.TestSentenceCache" name="test_generate_and_cache_sentences" time="0.003" /><testcase classname="tests.test_sentence_cache.TestSentenceCache" name="test_cache_stats" time="0.003" /><testcase classname="tests.test_sentence_cache.TestSentenceCache" name="test_clear_cache" time="0.003" /><testcase classname="tests.test_sentence_cache.TestSentenceCacheIntegration" name="test_warm_cache_for_words" time="0.003" /><testcase classname="tests.test_sentence_cache.TestSentenceCacheIntegration" name="test_populate_user_vocabulary_cache" time="0.003" /><testcase classname="tests.test_sentence_cache.TestSentenceCacheIntegration" name="test_cache_key_generation" time="0.002" /><testcase classname="tests.test_sentence_cache.TestSentenceCacheIntegration" name="test_backward_compatibility_old_format" time="0.003" /><testcase classname="tests.test_text_processing.TestTextProcessingEndpoints" name="test_process_text_success_with_translations" time="0.011" /><testcase classname="tests.test_text_processing.TestTextProcessingEndpoints" name="test_process_text_success_no_translations" time="0.008" /><testcase classname="tests.test_text_processing.TestTextProcessingEndpoints" name="test_process_text_malformed_processor_response" time="0.007" /><testcase classname="tests.test_text_processing.TestTextProcessingEndpoints" name="test_process_text_missing_openai_key" time="0.004" /><testcase classname="tests.test_text_processing.TestTextProcessingEndpoints" name="test_process_text_missing_text" time="0.004" /><testcase classname="tests.test_text_processing.TestTextProcessingEndpoints" name="test_process_text_empty_text" time="0.004" /><testcase classname="tests.test_text_processing.TestTextProcessingEndpoints" name="test_process_text_processor_exception" time="0.010" /><testcase classname="tests.test_text_processing.TestTextProcessingEndpoints" name="test_process_text_unauthorized" time="0.003" /><testcase classname="tests.test_text_processing.TestTextProcessingResponseStructure" name="test_response_structure_matches_frontend_expectations" time="0.002" /><testcase classname="tests.test_text_processing.TestTextProcessingResponseStructure" name="test_response_prevents_map_undefined_error" time="0.006" /></testsuite></testsuites>
